<?xml version="1.0" encoding="UTF-8"?>
<!-- Generated by org.testng.reporters.JUnitReportReporter -->
<testsuite hostname="LAPTOP-5IS4ELH8" failures="0" tests="6" name="Amazon_Task_16_Dataprovider.ItemTest" time="13.580" errors="0" timestamp="2023-02-13T20:58:57 EST" skipped="0">
  <testcase classname="Amazon_Task_16_Dataprovider.ItemTest" name="f" time="2.240"/>
  <system-out/>
  <testcase classname="Amazon_Task_16_Dataprovider.ItemTest" name="f" time="2.285"/>
  <system-out/>
  <testcase classname="Amazon_Task_16_Dataprovider.ItemTest" name="f" time="2.240"/>
  <system-out/>
  <testcase classname="Amazon_Task_16_Dataprovider.ItemTest" name="f" time="2.319"/>
  <system-out/>
  <testcase classname="Amazon_Task_16_Dataprovider.ItemTest" name="f" time="2.249"/>
  <system-out/>
  <testcase classname="Amazon_Task_16_Dataprovider.ItemTest" name="f" time="2.247"/>
  <system-out/>
</testsuite> <!-- Amazon_Task_16_Dataprovider.ItemTest -->
