<?xml version="1.0" encoding="UTF-8"?>
<!-- Generated by org.testng.reporters.JUnitReportReporter -->
<testsuite hostname="LAPTOP-5IS4ELH8" failures="0" tests="7" name="facebook_data_pr_testng.facebookTest" time="78.773" errors="0" timestamp="2023-02-16T15:36:06 EST" skipped="0">
  <testcase classname="facebook_data_pr_testng.facebookTest" name="fbook" time="10.947"/>
  <system-out/>
  <testcase classname="facebook_data_pr_testng.facebookTest" name="fbook" time="14.912"/>
  <system-out/>
  <testcase classname="facebook_data_pr_testng.facebookTest" name="fbook" time="10.333"/>
  <system-out/>
  <testcase classname="facebook_data_pr_testng.facebookTest" name="fbook" time="10.772"/>
  <system-out/>
  <testcase classname="facebook_data_pr_testng.facebookTest" name="fbook" time="9.791"/>
  <system-out/>
  <testcase classname="facebook_data_pr_testng.facebookTest" name="fbook" time="11.114"/>
  <system-out/>
  <testcase classname="facebook_data_pr_testng.facebookTest" name="fbook" time="10.904"/>
  <system-out/>
</testsuite> <!-- facebook_data_pr_testng.facebookTest -->
